<?xml version="1.0" encoding="UTF-8"?>
<!-- Generated by org.testng.reporters.JUnitReportReporter -->
<testsuite hostname="LAPTOP-8NCIJN2T" failures="0" tests="1" name="parametersAndAuthentications.PathParameters" time="3.136" errors="0" timestamp="12 Jan 2022 20:07:43 GMT" skipped="0">
  <testcase classname="parametersAndAuthentications.PathParameters" name="path" time="3.136"/>
</testsuite> <!-- parametersAndAuthentications.PathParameters -->
