<?xml version="1.0" encoding="UTF-8"?>
<!-- Generated by org.testng.reporters.JUnitReportReporter -->
<testsuite hostname="LAPTOP-8NCIJN2T" failures="0" tests="2" name="ResponseValidation.CreateResoursceUsingMultipleData" time="3.724" errors="0" timestamp="12 Jan 2022 12:41:41 GMT" skipped="0">
  <testcase classname="ResponseValidation.CreateResoursceUsingMultipleData" name="create" time="3.628"/>
  <testcase classname="ResponseValidation.CreateResoursceUsingMultipleData" name="create" time="0.096"/>
</testsuite> <!-- ResponseValidation.CreateResoursceUsingMultipleData -->
