<?xml version="1.0" encoding="UTF-8"?>
<!-- Generated by org.testng.reporters.JUnitReportReporter -->
<testsuite hostname="LAPTOP-8NCIJN2T" failures="0" tests="1" name="practiceCRUDwithoutBDD.GetAllProjects" time="2.971" errors="0" timestamp="11 Jan 2022 21:08:54 GMT" skipped="0">
  <testcase classname="practiceCRUDwithoutBDD.GetAllProjects" name="GetAllProjects" time="2.971"/>
</testsuite> <!-- practiceCRUDwithoutBDD.GetAllProjects -->
