<?xml version="1.0" encoding="UTF-8"?>
<!-- Generated by org.testng.reporters.JUnitReportReporter -->
<testsuite hostname="LAPTOP-8NCIJN2T" failures="0" tests="1" name="practiceCRUDwithBDD.CreateProject" time="4.052" errors="0" timestamp="2022-01-19T22:32:38 IST" skipped="0">
  <testcase classname="practiceCRUDwithBDD.CreateProject" name="createProject" time="4.052"/>
  <system-out/>
</testsuite> <!-- practiceCRUDwithBDD.CreateProject -->
