<?xml version="1.0" encoding="UTF-8"?>
<!-- Generated by org.testng.reporters.JUnitReportReporter -->
<testsuite hostname="LAPTOP-8NCIJN2T" failures="0" tests="1" name="ResponseValidation.StaticResponseValidation" time="6.908" errors="0" timestamp="12 Jan 2022 10:39:43 GMT" skipped="0">
  <testcase classname="ResponseValidation.StaticResponseValidation" name="staticResponseValidation" time="6.908"/>
</testsuite> <!-- ResponseValidation.StaticResponseValidation -->
