<?xml version="1.0" encoding="UTF-8"?>
<!-- Generated by org.testng.reporters.JUnitReportReporter -->
<testsuite hostname="LAPTOP-8NCIJN2T" failures="0" tests="1" name="employees.RequestChainingCreateAndDeleteUser" time="5.462" errors="0" timestamp="2022-01-20T01:55:02 IST" skipped="0">
  <testcase classname="employees.RequestChainingCreateAndDeleteUser" name="createAndDeleteUser" time="5.462"/>
  <system-out/>
</testsuite> <!-- employees.RequestChainingCreateAndDeleteUser -->
