<?xml version="1.0" encoding="UTF-8"?>
<!-- Generated by org.testng.reporters.JUnitReportReporter -->
<testsuite hostname="LAPTOP-8NCIJN2T" failures="0" tests="1" name="practiceCRUDwithoutBDD.GetSingleProject" time="3.059" errors="0" timestamp="11 Jan 2022 21:13:17 GMT" skipped="0">
  <testcase classname="practiceCRUDwithoutBDD.GetSingleProject" name="GetSingleProject" time="3.059"/>
</testsuite> <!-- practiceCRUDwithoutBDD.GetSingleProject -->
