<?xml version="1.0" encoding="UTF-8"?>
<!-- Generated by org.testng.reporters.JUnitReportReporter -->
<testsuite hostname="LAPTOP-8NCIJN2T" failures="0" tests="1" name="testScriptsRMGYANTRA.Create_Project_And_Allocate_User" time="5.470" errors="0" timestamp="2022-01-20T01:45:19 IST" skipped="0">
  <testcase classname="testScriptsRMGYANTRA.Create_Project_And_Allocate_User" name="createProjectAllocateUser" time="5.470"/>
  <system-out/>
</testsuite> <!-- testScriptsRMGYANTRA.Create_Project_And_Allocate_User -->
