<?xml version="1.0" encoding="UTF-8"?>
<!-- Generated by org.testng.reporters.JUnitReportReporter -->
<testsuite hostname="LAPTOP-8NCIJN2T" failures="0" tests="1" name="practiceCRUDwithBDD.CreateProject" time="4.356" errors="0" timestamp="13 Jan 2022 21:45:28 GMT" skipped="0">
  <testcase classname="practiceCRUDwithBDD.CreateProject" name="createProject" time="4.356"/>
</testsuite> <!-- practiceCRUDwithBDD.CreateProject -->
