<?xml version="1.0" encoding="UTF-8"?>
<!-- Generated by org.testng.reporters.JUnitReportReporter -->
<testsuite hostname="LAPTOP-8NCIJN2T" failures="0" tests="1" name="practiceCRUDwithBDD.DeleteProject" time="4.983" errors="0" timestamp="12 Jan 2022 06:52:33 GMT" skipped="0">
  <testcase classname="practiceCRUDwithBDD.DeleteProject" name="deleteProject" time="4.983"/>
</testsuite> <!-- practiceCRUDwithBDD.DeleteProject -->
