<?xml version="1.0" encoding="UTF-8"?>
<!-- Generated by org.testng.reporters.JUnitReportReporter -->
<testsuite hostname="LAPTOP-8NCIJN2T" failures="0" tests="1" name="postRequestWays.CreateProjectUsingJSONFile" time="3.116" errors="0" timestamp="12 Jan 2022 19:23:34 GMT" skipped="0">
  <testcase classname="postRequestWays.CreateProjectUsingJSONFile" name="createProjectUsingJSONFile" time="3.116"/>
</testsuite> <!-- postRequestWays.CreateProjectUsingJSONFile -->
