<?xml version="1.0" encoding="UTF-8"?>
<!-- Generated by org.testng.reporters.JUnitReportReporter -->
<testsuite hostname="LAPTOP-8NCIJN2T" failures="0" tests="1" name="practiceCRUDwithBDD.GetAllProjects" time="4.925" errors="0" timestamp="12 Jan 2022 06:50:44 GMT" skipped="0">
  <testcase classname="practiceCRUDwithBDD.GetAllProjects" name="getAllProjects" time="4.925"/>
</testsuite> <!-- practiceCRUDwithBDD.GetAllProjects -->
