<?xml version="1.0" encoding="UTF-8"?>
<!-- Generated by org.testng.reporters.JUnitReportReporter -->
<testsuite hostname="LAPTOP-8NCIJN2T" failures="0" tests="1" name="practiceCRUDwithBDD.GetSingleProject" time="4.861" errors="0" timestamp="12 Jan 2022 06:51:39 GMT" skipped="0">
  <testcase classname="practiceCRUDwithBDD.GetSingleProject" name="getSingleProject" time="4.861"/>
</testsuite> <!-- practiceCRUDwithBDD.GetSingleProject -->
