<?xml version="1.0" encoding="UTF-8"?>
<!-- Generated by org.testng.reporters.JUnitReportReporter -->
<testsuite hostname="LAPTOP-8NCIJN2T" failures="0" tests="1" name="testScriptsRMGYANTRA.CreateResource" time="3.696" errors="0" timestamp="2022-01-15T17:57:01 IST" skipped="0">
  <testcase classname="testScriptsRMGYANTRA.CreateResource" name="createResource" time="3.696"/>
  <system-out/>
</testsuite> <!-- testScriptsRMGYANTRA.CreateResource -->
