<?xml version="1.0" encoding="UTF-8"?>
<!-- Generated by org.testng.reporters.JUnitReportReporter -->
<testsuite hostname="LAPTOP-8NCIJN2T" failures="0" tests="1" name="postRequestWays.CreateProjectUsingHashMap" time="8.588" errors="0" timestamp="12 Jan 2022 18:55:46 GMT" skipped="0">
  <testcase classname="postRequestWays.CreateProjectUsingHashMap" name="createProjectUsingHashMap" time="8.588"/>
</testsuite> <!-- postRequestWays.CreateProjectUsingHashMap -->
