<?xml version="1.0" encoding="UTF-8"?>
<!-- Generated by org.testng.reporters.JUnitReportReporter -->
<testsuite hostname="LAPTOP-8NCIJN2T" failures="0" tests="1" name="practiceCRUDwithoutBDD.DeleteProject" time="2.931" errors="0" timestamp="11 Jan 2022 21:24:33 GMT" skipped="0">
  <testcase classname="practiceCRUDwithoutBDD.DeleteProject" name="DeleteProject" time="2.931"/>
</testsuite> <!-- practiceCRUDwithoutBDD.DeleteProject -->
