<?xml version="1.0" encoding="UTF-8"?>
<!-- Generated by org.testng.reporters.JUnitReportReporter -->
<testsuite hostname="LAPTOP-8NCIJN2T" failures="0" tests="1" name="RequestChaining.RequestChainingPostToDelete" time="4.774" errors="0" timestamp="13 Jan 2022 23:54:48 GMT" skipped="0">
  <testcase classname="RequestChaining.RequestChainingPostToDelete" name="requestChainingPostToDelete" time="4.774"/>
</testsuite> <!-- RequestChaining.RequestChainingPostToDelete -->
