<?xml version="1.0" encoding="UTF-8"?>
<!-- Generated by org.testng.reporters.JUnitReportReporter -->
<testsuite hostname="LAPTOP-8NCIJN2T" failures="0" tests="1" name="parametersAndAuthentications.ParameterUsingGitApi" time="6.205" errors="0" timestamp="2022-01-18T01:59:36 IST" skipped="0">
  <testcase classname="parametersAndAuthentications.ParameterUsingGitApi" name="parameterUsingGit" time="6.205"/>
  <system-out/>
</testsuite> <!-- parametersAndAuthentications.ParameterUsingGitApi -->
