<?xml version="1.0" encoding="UTF-8"?>
<!-- Generated by org.testng.reporters.JUnitReportReporter -->
<testsuite hostname="LAPTOP-8NCIJN2T" failures="0" tests="1" name="practiceCRUDwithoutBDD.UpdateProject" time="3.572" errors="0" timestamp="11 Jan 2022 21:20:43 GMT" skipped="0">
  <testcase classname="practiceCRUDwithoutBDD.UpdateProject" name="UpdateProject" time="3.572"/>
</testsuite> <!-- practiceCRUDwithoutBDD.UpdateProject -->
