<?xml version="1.0" encoding="UTF-8"?>
<!-- Generated by org.testng.reporters.JUnitReportReporter -->
<testsuite hostname="LAPTOP-8NCIJN2T" failures="0" tests="1" name="RequestChaining.RequestChainingPostToPut" time="5.308" errors="0" timestamp="2022-01-19T22:34:37 IST" skipped="0">
  <testcase classname="RequestChaining.RequestChainingPostToPut" name="postToPut" time="5.308"/>
  <system-out/>
</testsuite> <!-- RequestChaining.RequestChainingPostToPut -->
