<?xml version="1.0" encoding="UTF-8"?>
<!-- Generated by org.testng.reporters.JUnitReportReporter -->
<testsuite hostname="LAPTOP-8NCIJN2T" failures="0" tests="1" name="parametersAndAuthentications.QueryParameter" time="7.575" errors="0" timestamp="2022-01-18T02:02:07 IST" skipped="0">
  <testcase classname="parametersAndAuthentications.QueryParameter" name="queryParameter" time="7.575"/>
  <system-out/>
</testsuite> <!-- parametersAndAuthentications.QueryParameter -->
