<?xml version="1.0" encoding="UTF-8"?>
<!-- Generated by org.testng.reporters.JUnitReportReporter -->
<testsuite hostname="LAPTOP-8NCIJN2T" failures="0" tests="1" name="employees.CreateEmployee" time="5.373" errors="0" timestamp="2022-01-20T00:58:54 IST" skipped="0">
  <testcase classname="employees.CreateEmployee" name="addEmployee" time="5.373"/>
  <system-out/>
</testsuite> <!-- employees.CreateEmployee -->
