<?xml version="1.0" encoding="UTF-8"?>
<!-- Generated by org.testng.reporters.JUnitReportReporter -->
<testsuite hostname="LAPTOP-8NCIJN2T" failures="0" tests="1" name="ResponseValidation.DynamicResponseValidation" time="6.460" errors="0" timestamp="12 Jan 2022 10:50:23 GMT" skipped="0">
  <testcase classname="ResponseValidation.DynamicResponseValidation" name="dynamicResponseValidation" time="6.460"/>
</testsuite> <!-- ResponseValidation.DynamicResponseValidation -->
