<?xml version="1.0" encoding="UTF-8"?>
<!-- Generated by org.testng.reporters.JUnitReportReporter -->
<testsuite hostname="LAPTOP-8NCIJN2T" failures="0" tests="1" name="practiceCRUDwithBDD.CreateEmployee" time="4.170" errors="0" timestamp="2022-01-20T00:38:44 IST" skipped="0">
  <testcase classname="practiceCRUDwithBDD.CreateEmployee" name="addEmployee" time="4.170"/>
  <system-out/>
</testsuite> <!-- practiceCRUDwithBDD.CreateEmployee -->
