<?xml version="1.0" encoding="UTF-8"?>
<!-- Generated by org.testng.reporters.JUnitReportReporter -->
<testsuite hostname="LAPTOP-8NCIJN2T" failures="0" tests="1" name="practiceCRUDwithoutBDD.createProject" time="3.568" errors="0" timestamp="11 Jan 2022 20:47:14 GMT" skipped="0">
  <testcase classname="practiceCRUDwithoutBDD.createProject" name="createProject" time="3.568"/>
</testsuite> <!-- practiceCRUDwithoutBDD.createProject -->
