<?xml version="1.0" encoding="UTF-8"?>
<!-- Generated by org.testng.reporters.JUnitReportReporter -->
<testsuite hostname="LAPTOP-8NCIJN2T" failures="0" tests="1" name="parametersAndAuthentications.OAuthAuthentication" time="5.244" errors="0" timestamp="13 Jan 2022 20:43:34 GMT" skipped="0">
  <testcase classname="parametersAndAuthentications.OAuthAuthentication" name="oauthAuthentication" time="5.244"/>
</testsuite> <!-- parametersAndAuthentications.OAuthAuthentication -->
