<?xml version="1.0" encoding="UTF-8"?>
<!-- Generated by org.testng.reporters.JUnitReportReporter -->
<testsuite hostname="LAPTOP-8NCIJN2T" failures="0" tests="1" name="RequestChaining.RequestChaining" time="4.436" errors="0" timestamp="13 Jan 2022 21:10:04 GMT" skipped="0">
  <testcase classname="RequestChaining.RequestChaining" name="chaining" time="4.436"/>
</testsuite> <!-- RequestChaining.RequestChaining -->
